"/Users/yuanfengli/Downloads/InfiniteMatrixComplete/Content/InfiniteMatrix/Blueprints/CollisionShake.uasset" 0
"/Users/yuanfengli/Downloads/InfiniteMatrixComplete/Content/InfiniteMatrix/Blueprints/CollisionShake.uexp" 1
"../../../Engine/Content/EditorBlueprintResources/StandardMacros.uasset" 2
"../../../Engine/Content/EditorBlueprintResources/StandardMacros.uexp" 3
"/Users/yuanfengli/Downloads/InfiniteMatrixComplete/Content/InfiniteMatrix/UI/Status_Display.uasset" 4
"/Users/yuanfengli/Downloads/InfiniteMatrixComplete/Content/InfiniteMatrix/UI/Status_Display.uexp" 5
"/Users/yuanfengli/Downloads/InfiniteMatrixComplete/Content/InfiniteMatrix/UI/T_Restart.uasset" 6
"/Users/yuanfengli/Downloads/InfiniteMatrixComplete/Content/InfiniteMatrix/UI/T_Restart.uexp" 7
"/Users/yuanfengli/Downloads/InfiniteMatrixComplete/Content/InfiniteMatrix/UI/T_Restart.ubulk" 8
"/Users/yuanfengli/Downloads/InfiniteMatrixComplete/Content/InfiniteMatrix/UI/WBP_Restart.uasset" 9
"/Users/yuanfengli/Downloads/InfiniteMatrixComplete/Content/InfiniteMatrix/UI/WBP_Restart.uexp" 10
"/Users/yuanfengli/Downloads/InfiniteMatrixComplete/Content/InfiniteMatrix/Blueprints/BP_Player.uasset" 11
"/Users/yuanfengli/Downloads/InfiniteMatrixComplete/Content/InfiniteMatrix/Blueprints/BP_Player.uexp" 12
"../../../Engine/Content/Functions/Engine_MaterialFunctions01/Opacity/CameraDepthFade.uasset" 13
"../../../Engine/Content/Functions/Engine_MaterialFunctions01/Opacity/CameraDepthFade.uexp" 14
"../../../Engine/Content/EngineMaterials/T_Default_Material_Grid_N.uasset" 15
"../../../Engine/Content/EngineMaterials/T_Default_Material_Grid_N.uexp" 16
"../../../Engine/Content/EngineMaterials/T_Default_Material_Grid_N.ubulk" 17
"../../../Engine/Content/EngineMaterials/T_Default_Material_Grid_M.uasset" 18
"../../../Engine/Content/EngineMaterials/T_Default_Material_Grid_M.uexp" 19
"../../../Engine/Content/EngineMaterials/T_Default_Material_Grid_M.ubulk" 20
"../../../Engine/Content/EngineMaterials/DefaultMaterial.uasset" 21
"../../../Engine/Content/EngineMaterials/DefaultMaterial.uexp" 22
"../../../Engine/Content/BasicShapes/Sphere.uasset" 23
"../../../Engine/Content/BasicShapes/Sphere.uexp" 24
"../../../Engine/Content/BasicShapes/BasicShapeMaterial.uasset" 25
"../../../Engine/Content/BasicShapes/BasicShapeMaterial.uexp" 26
"/Users/yuanfengli/Downloads/InfiniteMatrixComplete/Content/InfiniteMatrix/Blueprints/Bullet.uasset" 27
"/Users/yuanfengli/Downloads/InfiniteMatrixComplete/Content/InfiniteMatrix/Blueprints/Bullet.uexp" 28
"/Users/yuanfengli/Downloads/InfiniteMatrixComplete/Content/InfiniteMatrix/Blueprints/Enemy.uasset" 29
"/Users/yuanfengli/Downloads/InfiniteMatrixComplete/Content/InfiniteMatrix/Blueprints/Enemy.uexp" 30
"/Users/yuanfengli/Downloads/InfiniteMatrixComplete/Content/InfiniteMatrix/Materials/M_HoleBase.uasset" 31
"/Users/yuanfengli/Downloads/InfiniteMatrixComplete/Content/InfiniteMatrix/Materials/M_HoleBase.uexp" 32
"/Users/yuanfengli/Downloads/InfiniteMatrixComplete/Content/InfiniteMatrix/Materials/HealthPack.uasset" 33
"/Users/yuanfengli/Downloads/InfiniteMatrixComplete/Content/InfiniteMatrix/Materials/HealthPack.uexp" 34
"/Users/yuanfengli/Downloads/InfiniteMatrixComplete/Content/InfiniteMatrix/Textures/T_Noise.uasset" 35
"/Users/yuanfengli/Downloads/InfiniteMatrixComplete/Content/InfiniteMatrix/Textures/T_Noise.uexp" 36
"/Users/yuanfengli/Downloads/InfiniteMatrixComplete/Content/InfiniteMatrix/Textures/T_Noise.ubulk" 37
"/Users/yuanfengli/Downloads/InfiniteMatrixComplete/Content/InfiniteMatrix/Textures/T_Binary.uasset" 38
"/Users/yuanfengli/Downloads/InfiniteMatrixComplete/Content/InfiniteMatrix/Textures/T_Binary.uexp" 39
"/Users/yuanfengli/Downloads/InfiniteMatrixComplete/Content/InfiniteMatrix/Textures/T_Binary.ubulk" 40
"/Users/yuanfengli/Downloads/InfiniteMatrixComplete/Content/InfiniteMatrix/Materials/M_TunnelBase.uasset" 41
"/Users/yuanfengli/Downloads/InfiniteMatrixComplete/Content/InfiniteMatrix/Materials/M_TunnelBase.uexp" 42
"/Users/yuanfengli/Downloads/InfiniteMatrixComplete/Content/InfiniteMatrix/Materials/MI_Tunnel.uasset" 43
"/Users/yuanfengli/Downloads/InfiniteMatrixComplete/Content/InfiniteMatrix/Materials/MI_Tunnel.uexp" 44
"/Users/yuanfengli/Downloads/InfiniteMatrixComplete/Content/InfiniteMatrix/Meshes/SM_Tunnel.uasset" 45
"/Users/yuanfengli/Downloads/InfiniteMatrixComplete/Content/InfiniteMatrix/Meshes/SM_Tunnel.uexp" 46
"/Users/yuanfengli/Downloads/InfiniteMatrixComplete/Content/InfiniteMatrix/Materials/MI_Hole.uasset" 47
"/Users/yuanfengli/Downloads/InfiniteMatrixComplete/Content/InfiniteMatrix/Materials/MI_Hole.uexp" 48
"/Users/yuanfengli/Downloads/InfiniteMatrixComplete/Content/InfiniteMatrix/Meshes/SM_Hole_04.uasset" 49
"/Users/yuanfengli/Downloads/InfiniteMatrixComplete/Content/InfiniteMatrix/Meshes/SM_Hole_04.uexp" 50
"/Users/yuanfengli/Downloads/InfiniteMatrixComplete/Content/InfiniteMatrix/Meshes/SM_Hole_03.uasset" 51
"/Users/yuanfengli/Downloads/InfiniteMatrixComplete/Content/InfiniteMatrix/Meshes/SM_Hole_03.uexp" 52
"/Users/yuanfengli/Downloads/InfiniteMatrixComplete/Content/InfiniteMatrix/Meshes/SM_Hole_02.uasset" 53
"/Users/yuanfengli/Downloads/InfiniteMatrixComplete/Content/InfiniteMatrix/Meshes/SM_Hole_02.uexp" 54
"/Users/yuanfengli/Downloads/InfiniteMatrixComplete/Content/InfiniteMatrix/Meshes/SM_Hole_01.uasset" 55
"/Users/yuanfengli/Downloads/InfiniteMatrixComplete/Content/InfiniteMatrix/Meshes/SM_Hole_01.uexp" 56
"../../../Engine/Content/EngineMaterials/WorldGridMaterial.uasset" 57
"../../../Engine/Content/EngineMaterials/WorldGridMaterial.uexp" 58
"../../../Engine/Content/BasicShapes/Cube.uasset" 59
"../../../Engine/Content/BasicShapes/Cube.uexp" 60
"/Users/yuanfengli/Downloads/InfiniteMatrixComplete/Content/InfiniteMatrix/Blueprints/BP_Tunnel.uasset" 61
"/Users/yuanfengli/Downloads/InfiniteMatrixComplete/Content/InfiniteMatrix/Blueprints/BP_Tunnel.uexp" 62
"/Users/yuanfengli/Downloads/InfiniteMatrixComplete/Content/InfiniteMatrix/Blueprints/BP_TunnelSpawner.uasset" 63
"/Users/yuanfengli/Downloads/InfiniteMatrixComplete/Content/InfiniteMatrix/Blueprints/BP_TunnelSpawner.uexp" 64
"../../../Engine/Content/Maps/Templates/Thumbnails/Default.uasset" 65
"../../../Engine/Content/Maps/Templates/Thumbnails/Default.uexp" 66
"../../../Engine/Content/Maps/Templates/Thumbnails/TimeOfDay.uasset" 67
"../../../Engine/Content/Maps/Templates/Thumbnails/TimeOfDay.uexp" 68
"../../../Engine/Content/Maps/Templates/Thumbnails/VR-Basic.uasset" 69
"../../../Engine/Content/Maps/Templates/Thumbnails/VR-Basic.uexp" 70
"../../../Engine/Content/MobileResources/T_MobileControls_texture.uasset" 71
"../../../Engine/Content/MobileResources/T_MobileControls_texture.uexp" 72
"../../../Engine/Content/MobileResources/T_MobileMenu2.uasset" 73
"../../../Engine/Content/MobileResources/T_MobileMenu2.uexp" 74
"../../../Engine/Content/MobileResources/HUD/MobileHUDDirectionPad3.uasset" 75
"../../../Engine/Content/MobileResources/HUD/MobileHUDDirectionPad3.uexp" 76
"../../../Engine/Content/MobileResources/HUD/MobileHUDButton2_off.uasset" 77
"../../../Engine/Content/MobileResources/HUD/MobileHUDButton2_off.uexp" 78
"../../../Engine/Content/MobileResources/HUD/MobileHUDButton3.uasset" 79
"../../../Engine/Content/MobileResources/HUD/MobileHUDButton3.uexp" 80
"../../../Engine/Content/MobileResources/HUD/T_Castle_ThumbstickInner.uasset" 81
"../../../Engine/Content/MobileResources/HUD/T_Castle_ThumbstickInner.uexp" 82
"../../../Engine/Content/MobileResources/HUD/MobileHUDDirectionStick.uasset" 83
"../../../Engine/Content/MobileResources/HUD/MobileHUDDirectionStick.uexp" 84
"../../../Engine/Content/MobileResources/HUD/VirtualJoystick_Background.uasset" 85
"../../../Engine/Content/MobileResources/HUD/VirtualJoystick_Background.uexp" 86
"../../../Engine/Content/MobileResources/HUD/VirtualJoystick_Thumb.uasset" 87
"../../../Engine/Content/MobileResources/HUD/VirtualJoystick_Thumb.uexp" 88
"../../../Engine/Content/MobileResources/HUD/DefaultVirtualJoysticks.uasset" 89
"../../../Engine/Content/MobileResources/HUD/DefaultVirtualJoysticks.uexp" 90
"../../../Engine/Content/MobileResources/HUD/T_Castle_ThumbstickOutter.uasset" 91
"../../../Engine/Content/MobileResources/HUD/T_Castle_ThumbstickOutter.uexp" 92
"../../../Engine/Content/MobileResources/HUD/MobileHUDButton2_on.uasset" 93
"../../../Engine/Content/MobileResources/HUD/MobileHUDButton2_on.uexp" 94
"../../../Engine/Content/MobileResources/HUD/MobileHUDDirectionPad2.uasset" 95
"../../../Engine/Content/MobileResources/HUD/MobileHUDDirectionPad2.uexp" 96
"../../../Engine/Content/MobileResources/HUD/MobileHUDDirectionPad.uasset" 97
"../../../Engine/Content/MobileResources/HUD/MobileHUDDirectionPad.uexp" 98
"../../../Engine/Content/MobileResources/HUD/AnalogHat.uasset" 99
"../../../Engine/Content/MobileResources/HUD/AnalogHat.uexp" 100
"../../../Engine/Content/MobileResources/HUD/MobileHUDButton1_on.uasset" 101
"../../../Engine/Content/MobileResources/HUD/MobileHUDButton1_on.uexp" 102
"../../../Engine/Content/MobileResources/HUD/MobileHUDButtonFire.uasset" 103
"../../../Engine/Content/MobileResources/HUD/MobileHUDButtonFire.uexp" 104
"../../../Engine/Content/MobileResources/HUD/LeftVirtualJoystickOnly.uasset" 105
"../../../Engine/Content/MobileResources/HUD/LeftVirtualJoystickOnly.uexp" 106
"../../../Engine/Content/MobileResources/HUD/MobileHUDButton1_off.uasset" 107
"../../../Engine/Content/MobileResources/HUD/MobileHUDButton1_off.uexp" 108
"../../../Engine/Content/Tutorial/ContentIntroCurve.uasset" 109
"../../../Engine/Content/Tutorial/ContentIntroCurve.uexp" 110
"../../../Engine/Content/Tutorial/Basics/TutorialAssets/icon_tab_Levels_40x.uasset" 111
"../../../Engine/Content/Tutorial/Basics/TutorialAssets/icon_tab_Levels_40x.uexp" 112
"../../../Engine/Content/Tutorial/BlueprintTutorials/TutorialAssets/Blueprint_64x.uasset" 113
"../../../Engine/Content/Tutorial/BlueprintTutorials/TutorialAssets/Blueprint_64x.uexp" 114
"../../../Engine/Content/EngineResources/DefaultTextureCube.uasset" 115
"../../../Engine/Content/EngineResources/DefaultTextureCube.uexp" 116
"../../../Engine/Content/EngineResources/DefaultTexture.uasset" 117
"../../../Engine/Content/EngineResources/DefaultTexture.uexp" 118
"../../../Engine/Content/EngineResources/DefaultTexture.ubulk" 119
"../../../Engine/Content/EngineResources/Black.uasset" 120
"../../../Engine/Content/EngineResources/Black.uexp" 121
"../../../Engine/Content/EngineResources/DefaultVolumeTexture2D.uasset" 122
"../../../Engine/Content/EngineResources/DefaultVolumeTexture2D.uexp" 123
"../../../Engine/Content/EngineResources/DefaultVolumeTexture.uasset" 124
"../../../Engine/Content/EngineResources/DefaultVolumeTexture.uexp" 125
"../../../Engine/Content/EngineResources/GradientTexture0.uasset" 126
"../../../Engine/Content/EngineResources/GradientTexture0.uexp" 127
"../../../Engine/Content/EditorLandscapeResources/DataLayer.uasset" 128
"../../../Engine/Content/EditorLandscapeResources/DataLayer.uexp" 129
"../../../Engine/Content/EditorLandscapeResources/DefaultAlphaTexture.uasset" 130
"../../../Engine/Content/EditorLandscapeResources/DefaultAlphaTexture.uexp" 131
"../../../Engine/Content/EditorMaterials/Camera/CineMat.uasset" 132
"../../../Engine/Content/EditorMaterials/Camera/CineMat.uexp" 133
"../../../Engine/Content/EditorMaterials/Camera/MI_CineMat_Rig.uasset" 134
"../../../Engine/Content/EditorMaterials/Camera/MI_CineMat_Rig.uexp" 135
"../../../Engine/Content/EditorMeshes/Camera/SM_CraneRig_Body.uasset" 136
"../../../Engine/Content/EditorMeshes/Camera/SM_CraneRig_Body.uexp" 137
"../../../Engine/Content/EditorMeshes/Camera/SM_RailRig_Mount.uasset" 138
"../../../Engine/Content/EditorMeshes/Camera/SM_RailRig_Mount.uexp" 139
"../../../Engine/Content/EditorMeshes/Camera/SM_CraneRig_Base.uasset" 140
"../../../Engine/Content/EditorMeshes/Camera/SM_CraneRig_Base.uexp" 141
"../../../Engine/Content/EditorMeshes/Camera/SM_CraneRig_Mount.uasset" 142
"../../../Engine/Content/EditorMeshes/Camera/SM_CraneRig_Mount.uexp" 143
"../../../Engine/Content/EditorMeshes/Camera/SM_CraneRig_Arm.uasset" 144
"../../../Engine/Content/EditorMeshes/Camera/SM_CraneRig_Arm.uexp" 145
"../../../Engine/Content/EditorMeshes/Camera/SM_RailRig_Track.uasset" 146
"../../../Engine/Content/EditorMeshes/Camera/SM_RailRig_Track.uexp" 147
"../../../Engine/Content/EngineFonts/Faces/RobotoRegular.uasset" 148
"../../../Engine/Content/EngineFonts/Faces/RobotoRegular.uexp" 149
"../../../Engine/Content/EngineFonts/Faces/RobotoRegular.ufont" 150
"../../../Engine/Content/EngineFonts/Faces/RobotoLight.uasset" 151
"../../../Engine/Content/EngineFonts/Faces/RobotoLight.uexp" 152
"../../../Engine/Content/EngineFonts/Faces/RobotoLight.ufont" 153
"../../../Engine/Content/EngineFonts/Faces/RobotoItalic.uasset" 154
"../../../Engine/Content/EngineFonts/Faces/RobotoItalic.uexp" 155
"../../../Engine/Content/EngineFonts/Faces/RobotoItalic.ufont" 156
"../../../Engine/Content/EngineFonts/Faces/RobotoBoldItalic.uasset" 157
"../../../Engine/Content/EngineFonts/Faces/RobotoBoldItalic.uexp" 158
"../../../Engine/Content/EngineFonts/Faces/RobotoBoldItalic.ufont" 159
"../../../Engine/Content/EngineFonts/Faces/RobotoBold.uasset" 160
"../../../Engine/Content/EngineFonts/Faces/RobotoBold.uexp" 161
"../../../Engine/Content/EngineFonts/Faces/RobotoBold.ufont" 162
"../../../Engine/Content/EngineFonts/Faces/DroidSansFallback.uasset" 163
"../../../Engine/Content/EngineFonts/Faces/DroidSansFallback.uexp" 164
"../../../Engine/Content/EngineFonts/Faces/DroidSansFallback.ufont" 165
"../../../Engine/Content/EngineFonts/Roboto.uasset" 166
"../../../Engine/Content/EngineFonts/Roboto.uexp" 167
"../../../Engine/Content/EngineDamageTypes/DmgTypeBP_Environmental.uasset" 168
"../../../Engine/Content/EngineDamageTypes/DmgTypeBP_Environmental.uexp" 169
"../../../Engine/Content/ArtTools/RenderToTexture/Meshes/S_1_Unit_Plane.uasset" 170
"../../../Engine/Content/ArtTools/RenderToTexture/Meshes/S_1_Unit_Plane.uexp" 171
"../../../Engine/Content/EngineMaterials/DefaultCalibrationGrayscale.uasset" 172
"../../../Engine/Content/EngineMaterials/DefaultCalibrationGrayscale.uexp" 173
"../../../Engine/Content/EngineMaterials/PPM_DefaultCalibrationGrayscale.uasset" 174
"../../../Engine/Content/EngineMaterials/PPM_DefaultCalibrationGrayscale.uexp" 175
"../../../Engine/Content/EngineResources/WhiteSquareTexture.uasset" 176
"../../../Engine/Content/EngineResources/WhiteSquareTexture.uexp" 177
"../../../Engine/Content/EngineMaterials/Widget3DPassThrough.uasset" 178
"../../../Engine/Content/EngineMaterials/Widget3DPassThrough.uexp" 179
"../../../Engine/Content/EngineMaterials/Widget3DPassThrough_Masked.uasset" 180
"../../../Engine/Content/EngineMaterials/Widget3DPassThrough_Masked.uexp" 181
"../../../Engine/Content/EngineMaterials/WeightMapPlaceholderTexture.uasset" 182
"../../../Engine/Content/EngineMaterials/WeightMapPlaceholderTexture.uexp" 183
"../../../Engine/Content/EngineMaterials/Widget3DPassThrough_Translucent.uasset" 184
"../../../Engine/Content/EngineMaterials/Widget3DPassThrough_Translucent.uexp" 185
"../../../Engine/Content/EngineMaterials/Widget3DPassThrough_Translucent_OneSided.uasset" 186
"../../../Engine/Content/EngineMaterials/Widget3DPassThrough_Translucent_OneSided.uexp" 187
"../../../Engine/Content/EngineMaterials/DefaultCalibrationColor.uasset" 188
"../../../Engine/Content/EngineMaterials/DefaultCalibrationColor.uexp" 189
"../../../Engine/Content/EngineMaterials/PPM_DefaultCalibrationColor.uasset" 190
"../../../Engine/Content/EngineMaterials/PPM_DefaultCalibrationColor.uexp" 191
"../../../Engine/Content/Functions/Engine_MaterialFunctions02/WorldPositionOffset/CameraOffset.uasset" 192
"../../../Engine/Content/Functions/Engine_MaterialFunctions02/WorldPositionOffset/CameraOffset.uexp" 193
"../../../Engine/Content/EngineMaterials/PhAT_JointLimitMaterial.uasset" 194
"../../../Engine/Content/EngineMaterials/PhAT_JointLimitMaterial.uexp" 195
"../../../Engine/Content/EngineMaterials/GizmoMaterial.uasset" 196
"../../../Engine/Content/EngineMaterials/GizmoMaterial.uexp" 197
"../../../Engine/Content/EngineMaterials/BlueNoise.uasset" 198
"../../../Engine/Content/EngineMaterials/BlueNoise.uexp" 199
"../../../Engine/Content/EngineMaterials/DefaultWhiteGrid_Low.uasset" 200
"../../../Engine/Content/EngineMaterials/DefaultWhiteGrid_Low.uexp" 201
"../../../Engine/Content/EngineMaterials/EmissiveMeshMaterial.uasset" 202
"../../../Engine/Content/EngineMaterials/EmissiveMeshMaterial.uexp" 203
"../../../Engine/Content/EngineMaterials/Widget3DPassThrough_Opaque.uasset" 204
"../../../Engine/Content/EngineMaterials/Widget3DPassThrough_Opaque.uexp" 205
"../../../Engine/Content/EngineMaterials/Widget3DPassThrough_Masked_OneSided.uasset" 206
"../../../Engine/Content/EngineMaterials/Widget3DPassThrough_Masked_OneSided.uexp" 207
"../../../Engine/Content/EngineMaterials/Good64x64TilingNoiseHighFreq.uasset" 208
"../../../Engine/Content/EngineMaterials/Good64x64TilingNoiseHighFreq.uexp" 209
"../../../Engine/Content/EngineMaterials/DefaultBloomKernel.uasset" 210
"../../../Engine/Content/EngineMaterials/DefaultBloomKernel.uexp" 211
"../../../Engine/Content/EngineMaterials/RemoveSurfaceMaterial.uasset" 212
"../../../Engine/Content/EngineMaterials/RemoveSurfaceMaterial.uexp" 213
"../../../Engine/Content/EngineMaterials/DefaultDiffuse.uasset" 214
"../../../Engine/Content/EngineMaterials/DefaultDiffuse.uexp" 215
"../../../Engine/Content/EngineMaterials/DefaultDiffuse.ubulk" 216
"../../../Engine/Content/EngineMaterials/DefaultDeferredDecalMaterial.uasset" 217
"../../../Engine/Content/EngineMaterials/DefaultDeferredDecalMaterial.uexp" 218
"../../../Engine/Content/Functions/Engine_MaterialFunctions02/Utility/BreakOutFloat2Components.uasset" 219
"../../../Engine/Content/Functions/Engine_MaterialFunctions02/Utility/BreakOutFloat2Components.uexp" 220
"../../../Engine/Content/EngineMaterials/DefaultPostProcessMaterial.uasset" 221
"../../../Engine/Content/EngineMaterials/DefaultPostProcessMaterial.uexp" 222
"../../../Engine/Content/EngineMaterials/DefaultPhysicalMaterial.uasset" 223
"../../../Engine/Content/EngineMaterials/DefaultPhysicalMaterial.uexp" 224
"../../../Engine/Content/EngineMaterials/BaseFlattenNormalMap.uasset" 225
"../../../Engine/Content/EngineMaterials/BaseFlattenNormalMap.uexp" 226
"../../../Engine/Content/EngineMaterials/BaseFlattenEmissiveMap.uasset" 227
"../../../Engine/Content/EngineMaterials/BaseFlattenEmissiveMap.uexp" 228
"../../../Engine/Content/EngineMaterials/BaseFlattenGrayscaleMap.uasset" 229
"../../../Engine/Content/EngineMaterials/BaseFlattenGrayscaleMap.uexp" 230
"../../../Engine/Content/EngineMaterials/BaseFlattenDiffuseMap.uasset" 231
"../../../Engine/Content/EngineMaterials/BaseFlattenDiffuseMap.uexp" 232
"../../../Engine/Content/EngineMaterials/BaseFlattenMaterial.uasset" 233
"../../../Engine/Content/EngineMaterials/BaseFlattenMaterial.uexp" 234
"../../../Engine/Content/EngineMaterials/InvalidLightmapSettings.uasset" 235
"../../../Engine/Content/EngineMaterials/InvalidLightmapSettings.uexp" 236
"../../../Engine/Content/EngineMaterials/InvalidLightmapSettings.ubulk" 237
"../../../Engine/Content/EngineMaterials/M_InvalidLightmapSettings.uasset" 238
"../../../Engine/Content/EngineMaterials/M_InvalidLightmapSettings.uexp" 239
"../../../Engine/Content/EngineFonts/RobotoDistanceField.uasset" 240
"../../../Engine/Content/EngineFonts/RobotoDistanceField.uexp" 241
"../../../Engine/Content/EngineMaterials/DefaultTextMaterialOpaque.uasset" 242
"../../../Engine/Content/EngineMaterials/DefaultTextMaterialOpaque.uexp" 243
"../../../Engine/Content/EngineMaterials/PreintegratedSkinBRDF.uasset" 244
"../../../Engine/Content/EngineMaterials/PreintegratedSkinBRDF.uexp" 245
"../../../Engine/Content/EngineMaterials/Widget3DPassThrough_Opaque_OneSided.uasset" 246
"../../../Engine/Content/EngineMaterials/Widget3DPassThrough_Opaque_OneSided.uexp" 247
"../../../Engine/Content/EngineMaterials/DefaultBokeh.uasset" 248
"../../../Engine/Content/EngineMaterials/DefaultBokeh.uexp" 249
"../../../Engine/Content/EngineMaterials/DefaultLightFunctionMaterial.uasset" 250
"../../../Engine/Content/EngineMaterials/DefaultLightFunctionMaterial.uexp" 251
"../../../Engine/Content/EngineMaterials/MiniFont.uasset" 252
"../../../Engine/Content/EngineMaterials/MiniFont.uexp" 253
"../../../Engine/Content/EngineMaterials/DefaultWhiteGrid.uasset" 254
"../../../Engine/Content/EngineMaterials/DefaultWhiteGrid.uexp" 255
"../../../Engine/Content/EngineMaterials/DefaultWhiteGrid.ubulk" 256
"../../../Engine/Content/EngineDebugMaterials/DebugEditorMaterial.uasset" 257
"../../../Engine/Content/EngineDebugMaterials/DebugEditorMaterial.uexp" 258
"../../../Engine/Content/Functions/Engine_MaterialFunctions01/Shading/ConvertFromDiffSpec.uasset" 259
"../../../Engine/Content/Functions/Engine_MaterialFunctions01/Shading/ConvertFromDiffSpec.uexp" 260
"../../../Engine/Content/EngineDebugMaterials/VertexColorMaterial.uasset" 261
"../../../Engine/Content/EngineDebugMaterials/VertexColorMaterial.uexp" 262
"../../../Engine/Content/EngineDebugMaterials/WireframeMaterial.uasset" 263
"../../../Engine/Content/EngineDebugMaterials/WireframeMaterial.uexp" 264
"../../../Engine/Content/EngineDebugMaterials/VolumeToRender.uasset" 265
"../../../Engine/Content/EngineDebugMaterials/VolumeToRender.uexp" 266
"../../../Engine/Content/Functions/Engine_MaterialFunctions02/Utility/CameraDirectionVector.uasset" 267
"../../../Engine/Content/Functions/Engine_MaterialFunctions02/Utility/CameraDirectionVector.uexp" 268
"../../../Engine/Content/EngineDebugMaterials/M_VolumeRenderSphereTracePP.uasset" 269
"../../../Engine/Content/EngineDebugMaterials/M_VolumeRenderSphereTracePP.uexp" 270
"../../../Engine/Content/EngineDebugMaterials/M_SimpleUnlitTranslucent.uasset" 271
"../../../Engine/Content/EngineDebugMaterials/M_SimpleUnlitTranslucent.uexp" 272
"../../../Engine/Content/EngineDebugMaterials/DebugMeshMaterial.uasset" 273
"../../../Engine/Content/EngineDebugMaterials/DebugMeshMaterial.uexp" 274
"../../../Engine/Content/EditorResources/S_Note.uasset" 275
"../../../Engine/Content/EditorResources/S_Note.uexp" 276
"../../../Engine/Content/EditorResources/S_Note.ubulk" 277
"../../../Engine/Content/EditorResources/S_Solver.uasset" 278
"../../../Engine/Content/EditorResources/S_Solver.uexp" 279
"../../../Engine/Content/EditorResources/S_Solver.ubulk" 280
"../../../Engine/Content/EditorResources/S_Terrain.uasset" 281
"../../../Engine/Content/EditorResources/S_Terrain.uexp" 282
"../../../Engine/Content/EditorResources/S_Terrain.ubulk" 283
"../../../Engine/Content/EditorResources/S_Trigger.uasset" 284
"../../../Engine/Content/EditorResources/S_Trigger.uexp" 285
"../../../Engine/Content/EditorResources/S_Trigger.ubulk" 286
"../../../Engine/Content/EditorResources/S_Actor.uasset" 287
"../../../Engine/Content/EditorResources/S_Actor.uexp" 288
"../../../Engine/Content/EditorResources/S_Actor.ubulk" 289
"../../../Engine/Content/EditorResources/EmptyActor.uasset" 290
"../../../Engine/Content/EditorResources/EmptyActor.uexp" 291
"../../../Engine/Content/EditorResources/BSPVertex.uasset" 292
"../../../Engine/Content/EditorResources/BSPVertex.uexp" 293
"../../../Engine/Content/EditorResources/SequenceRecorder/Countdown.uasset" 294
"../../../Engine/Content/EditorResources/SequenceRecorder/Countdown.uexp" 295
"../../../Engine/Content/EditorResources/SequenceRecorder/RecordingIndicator.uasset" 296
"../../../Engine/Content/EditorResources/SequenceRecorder/RecordingIndicator.uexp" 297
"../../../Engine/Content/BasicShapes/Cone.uasset" 298
"../../../Engine/Content/BasicShapes/Cone.uexp" 299
"../../../Engine/Content/BasicShapes/Plane.uasset" 300
"../../../Engine/Content/BasicShapes/Plane.uexp" 301
"../../../Engine/Content/Functions/Engine_MaterialFunctions01/Shading/PowerToRoughness.uasset" 302
"../../../Engine/Content/Functions/Engine_MaterialFunctions01/Shading/PowerToRoughness.uexp" 303
"../../../Engine/Content/EditorMaterials/PreviewShadowIndicator.uasset" 304
"../../../Engine/Content/EditorMaterials/PreviewShadowIndicator.uexp" 305
"../../../Engine/Content/EditorMaterials/PreviewShadowIndicator.ubulk" 306
"../../../Engine/Content/EditorMaterials/PreviewShadowIndicatorMaterial.uasset" 307
"../../../Engine/Content/EditorMaterials/PreviewShadowIndicatorMaterial.uexp" 308
"../../../Engine/Content/EditorMaterials/MAT_Groups_Toggle.uasset" 309
"../../../Engine/Content/EditorMaterials/MAT_Groups_Toggle.uexp" 310
"../../../Engine/Content/EditorMaterials/MAT_Groups_Visibility.uasset" 311
"../../../Engine/Content/EditorMaterials/MAT_Groups_Visibility.uexp" 312
"../../../Engine/Content/EditorMaterials/ParticleSystems/PSysThumbnail_NoImage.uasset" 313
"../../../Engine/Content/EditorMaterials/ParticleSystems/PSysThumbnail_NoImage.uexp" 314
"../../../Engine/Content/EditorMaterials/ParticleSystems/PSysThumbnail_NoImage.ubulk" 315
"../../../Engine/Content/EditorMaterials/ParticleSystems/PSysThumbnail_OOD.uasset" 316
"../../../Engine/Content/EditorMaterials/ParticleSystems/PSysThumbnail_OOD.uexp" 317
"../../../Engine/Content/EditorMaterials/ParticleSystems/PSysThumbnail_OOD.ubulk" 318
"../../../Engine/Content/EditorMaterials/MatineeGroups/MAT_Groups_Vector.uasset" 319
"../../../Engine/Content/EditorMaterials/MatineeGroups/MAT_Groups_Vector.uexp" 320
"../../../Engine/Content/EditorMaterials/MatineeGroups/MAT_ColorTrack.uasset" 321
"../../../Engine/Content/EditorMaterials/MatineeGroups/MAT_ColorTrack.uexp" 322
"../../../Engine/Content/EditorMaterials/MatineeGroups/MAT_Groups_AudioMaster.uasset" 323
"../../../Engine/Content/EditorMaterials/MatineeGroups/MAT_Groups_AudioMaster.uexp" 324
"../../../Engine/Content/EditorMaterials/MatineeGroups/MAT_Groups_Sound.uasset" 325
"../../../Engine/Content/EditorMaterials/MatineeGroups/MAT_Groups_Sound.uexp" 326
"../../../Engine/Content/EditorMaterials/MatineeGroups/MAT_Groups_Float.uasset" 327
"../../../Engine/Content/EditorMaterials/MatineeGroups/MAT_Groups_Float.uexp" 328
"../../../Engine/Content/EditorMaterials/MatineeGroups/MAT_Groups_Director.uasset" 329
"../../../Engine/Content/EditorMaterials/MatineeGroups/MAT_Groups_Director.uexp" 330
"../../../Engine/Content/EditorMaterials/MatineeGroups/MAT_Groups_Move.uasset" 331
"../../../Engine/Content/EditorMaterials/MatineeGroups/MAT_Groups_Move.uexp" 332
"../../../Engine/Content/EditorMaterials/MatineeGroups/MAT_Groups_Event.uasset" 333
"../../../Engine/Content/EditorMaterials/MatineeGroups/MAT_Groups_Event.uexp" 334
"../../../Engine/Content/EditorMaterials/MatineeGroups/MAT_Groups_Fade.uasset" 335
"../../../Engine/Content/EditorMaterials/MatineeGroups/MAT_Groups_Fade.uexp" 336
"../../../Engine/Content/EditorMaterials/MatineeGroups/MAT_Groups_Anim.uasset" 337
"../../../Engine/Content/EditorMaterials/MatineeGroups/MAT_Groups_Anim.uexp" 338
"../../../Engine/Content/EditorMaterials/MatineeGroups/MAT_Groups_Slomo.uasset" 339
"../../../Engine/Content/EditorMaterials/MatineeGroups/MAT_Groups_Slomo.uexp" 340
"../../../Engine/Content/EngineSounds/Master.uasset" 341
"../../../Engine/Content/EngineSounds/Master.uexp" 342
"../../../Engine/Content/EngineMeshes/Cylinder.uasset" 343
"../../../Engine/Content/EngineMeshes/Cylinder.uexp" 344
"../../../Engine/Content/EngineMeshes/Sphere.uasset" 345
"../../../Engine/Content/EngineMeshes/Sphere.uexp" 346
"../../../Engine/Content/EngineSky/VolumetricClouds/CloudWeatherTexture.uasset" 347
"../../../Engine/Content/EngineSky/VolumetricClouds/CloudWeatherTexture.uexp" 348
"../../../Engine/Content/EngineSky/VolumetricClouds/T_NoiseShape64.uasset" 349
"../../../Engine/Content/EngineSky/VolumetricClouds/T_NoiseShape64.uexp" 350
"../../../Engine/Content/EngineSky/VolumetricClouds/T_NoiseShape64.ubulk" 351
"../../../Engine/Content/EngineSky/VolumetricClouds/T_VolumeNoiseShape64.uasset" 352
"../../../Engine/Content/EngineSky/VolumetricClouds/T_VolumeNoiseShape64.uexp" 353
"../../../Engine/Content/EngineSky/VolumetricClouds/T_NoiseErosion.uasset" 354
"../../../Engine/Content/EngineSky/VolumetricClouds/T_NoiseErosion.uexp" 355
"../../../Engine/Content/EngineSky/VolumetricClouds/T_NoiseErosion.ubulk" 356
"../../../Engine/Content/EngineSky/VolumetricClouds/T_VolumeNoiseErosion32.uasset" 357
"../../../Engine/Content/EngineSky/VolumetricClouds/T_VolumeNoiseErosion32.uexp" 358
"../../../Engine/Content/EngineSky/VolumetricClouds/CloudGradientTexture.uasset" 359
"../../../Engine/Content/EngineSky/VolumetricClouds/CloudGradientTexture.uexp" 360
"../../../Engine/Content/Functions/Engine_MaterialFunctions02/Utility/MakeFloat2.uasset" 361
"../../../Engine/Content/Functions/Engine_MaterialFunctions02/Utility/MakeFloat2.uexp" 362
"../../../Engine/Content/EngineSky/VolumetricClouds/m_SimpleVolumetricCloud.uasset" 363
"../../../Engine/Content/EngineSky/VolumetricClouds/m_SimpleVolumetricCloud.uexp" 364
"../../../Engine/Content/EngineSky/VolumetricClouds/m_SimpleVolumetricCloud_Inst.uasset" 365
"../../../Engine/Content/EngineSky/VolumetricClouds/m_SimpleVolumetricCloud_Inst.uexp" 366
"../../../Engine/Content/VREditor/TransformGizmo/TranslucentTransformGizmoMaterial.uasset" 367
"../../../Engine/Content/VREditor/TransformGizmo/TranslucentTransformGizmoMaterial.uexp" 368
"../../../Engine/Content/VREditor/LaserPointer/VR_LaserPower_01.uasset" 369
"../../../Engine/Content/VREditor/LaserPointer/VR_LaserPower_01.uexp" 370
"../../../Engine/Content/VREditor/LaserPointer/VR_LaserPower_01.ubulk" 371
"../../../Engine/Content/VREditor/TransformGizmo/TransformGizmoMaterial.uasset" 372
"../../../Engine/Content/VREditor/TransformGizmo/TransformGizmoMaterial.uexp" 373
"../../../Engine/Content/VREditor/TransformGizmo/PlaneTranslationHandle.uasset" 374
"../../../Engine/Content/VREditor/TransformGizmo/PlaneTranslationHandle.uexp" 375
"../../../Engine/Content/VREditor/TransformGizmo/Xray.uasset" 376
"../../../Engine/Content/VREditor/TransformGizmo/Xray.uexp" 377
"../../../Engine/Content/VREditor/TransformGizmo/Main.uasset" 378
"../../../Engine/Content/VREditor/TransformGizmo/Main.uexp" 379
"../../../Engine/Content/VREditor/TransformGizmo/SM_Sequencer_Key.uasset" 380
"../../../Engine/Content/VREditor/TransformGizmo/SM_Sequencer_Key.uexp" 381
"../../../Engine/Content/VREditor/TransformGizmo/BoundingBoxCorner.uasset" 382
"../../../Engine/Content/VREditor/TransformGizmo/BoundingBoxCorner.uexp" 383
"../../../Engine/Content/VREditor/TransformGizmo/SM_Sequencer_Node.uasset" 384
"../../../Engine/Content/VREditor/TransformGizmo/SM_Sequencer_Node.uexp" 385
"../../../Engine/Content/VREditor/TransformGizmo/BoundingBoxEdge.uasset" 386
"../../../Engine/Content/VREditor/TransformGizmo/BoundingBoxEdge.uexp" 387
"../../../Engine/Content/BasicShapes/Cylinder.uasset" 388
"../../../Engine/Content/BasicShapes/Cylinder.uexp" 389
"../../../Engine/Content/ArtTools/RenderToTexture/Materials/Debug/M_Emissive_Color.uasset" 390
"../../../Engine/Content/ArtTools/RenderToTexture/Materials/Debug/M_Emissive_Color.uexp" 391
"../../../Engine/Plugins/Lumin/MagicLeapPassableWorld/Content/MagicLeapARPinInfoActor.uasset" 392
"../../../Engine/Plugins/Lumin/MagicLeapPassableWorld/Content/MagicLeapARPinInfoActor.uexp" 393
"../../../Engine/Plugins/2D/Paper2D/Content/PlaceholderTextures/DummySpriteTexture.uasset" 394
"../../../Engine/Plugins/2D/Paper2D/Content/PlaceholderTextures/DummySpriteTexture.uexp" 395
"../../../Engine/Plugins/2D/Paper2D/Content/PlaceholderTextures/DummySpriteTexture.ubulk" 396
"../../../Engine/Plugins/2D/Paper2D/Content/DefaultSpriteMaterial.uasset" 397
"../../../Engine/Plugins/2D/Paper2D/Content/DefaultSpriteMaterial.uexp" 398
"../../../Engine/Plugins/2D/Paper2D/Content/OpaqueUnlitSpriteMaterial.uasset" 399
"../../../Engine/Plugins/2D/Paper2D/Content/OpaqueUnlitSpriteMaterial.uexp" 400
"../../../Engine/Plugins/2D/Paper2D/Content/DummySprite.uasset" 401
"../../../Engine/Plugins/2D/Paper2D/Content/DummySprite.uexp" 402
"../../../Engine/Plugins/2D/Paper2D/Content/DefaultPaperTerrainMaterial.uasset" 403
"../../../Engine/Plugins/2D/Paper2D/Content/DefaultPaperTerrainMaterial.uexp" 404
"../../../Engine/Plugins/2D/Paper2D/Content/MaskedUnlitSpriteMaterial.uasset" 405
"../../../Engine/Plugins/2D/Paper2D/Content/MaskedUnlitSpriteMaterial.uexp" 406
"../../../Engine/Plugins/Editor/SpeedTreeImporter/Content/SpeedTree9/EmptyNormal.uasset" 407
"../../../Engine/Plugins/Editor/SpeedTreeImporter/Content/SpeedTree9/EmptyNormal.uexp" 408
"../../../Engine/Plugins/Editor/SpeedTreeImporter/Content/SpeedTree9/Empty.uasset" 409
"../../../Engine/Plugins/Editor/SpeedTreeImporter/Content/SpeedTree9/Empty.uexp" 410
"../../../Engine/Content/Functions/Engine_MaterialFunctions02/Utility/BreakOutFloat3Components.uasset" 411
"../../../Engine/Content/Functions/Engine_MaterialFunctions02/Utility/BreakOutFloat3Components.uexp" 412
"../../../Engine/Plugins/Editor/SpeedTreeImporter/Content/SpeedTree9/UnpackInteger3.uasset" 413
"../../../Engine/Plugins/Editor/SpeedTreeImporter/Content/SpeedTree9/UnpackInteger3.uexp" 414
"../../../Engine/Plugins/Editor/SpeedTreeImporter/Content/SpeedTree9/SpeedTreeBillboard.uasset" 415
"../../../Engine/Plugins/Editor/SpeedTreeImporter/Content/SpeedTree9/SpeedTreeBillboard.uexp" 416
"../../../Engine/Plugins/Editor/SpeedTreeImporter/Content/SpeedTree9/UnpackDirection.uasset" 417
"../../../Engine/Plugins/Editor/SpeedTreeImporter/Content/SpeedTree9/UnpackDirection.uexp" 418
"../../../Engine/Plugins/Editor/SpeedTreeImporter/Content/SpeedTree9/game_wind_noise.uasset" 419
"../../../Engine/Plugins/Editor/SpeedTreeImporter/Content/SpeedTree9/game_wind_noise.uexp" 420
"../../../Engine/Plugins/Editor/SpeedTreeImporter/Content/SpeedTree9/game_wind_noise.ubulk" 421
"../../../Engine/Content/Functions/Engine_MaterialFunctions02/SafeNormalize.uasset" 422
"../../../Engine/Content/Functions/Engine_MaterialFunctions02/SafeNormalize.uexp" 423
"../../../Engine/Plugins/Editor/SpeedTreeImporter/Content/SpeedTree9/SpeedTreeWindMotion.uasset" 424
"../../../Engine/Plugins/Editor/SpeedTreeImporter/Content/SpeedTree9/SpeedTreeWindMotion.uexp" 425
"../../../Engine/Plugins/Editor/SpeedTreeImporter/Content/SpeedTree9/SpeedTreeBranchMotion.uasset" 426
"../../../Engine/Plugins/Editor/SpeedTreeImporter/Content/SpeedTree9/SpeedTreeBranchMotion.uexp" 427
"../../../Engine/Content/Functions/Engine_MaterialFunctions02/ObjectLocalBounds.uasset" 428
"../../../Engine/Content/Functions/Engine_MaterialFunctions02/ObjectLocalBounds.uexp" 429
"../../../Engine/Content/Functions/Engine_MaterialFunctions02/UVs/BoundingBoxBased_0-1_UVW.uasset" 430
"../../../Engine/Content/Functions/Engine_MaterialFunctions02/UVs/BoundingBoxBased_0-1_UVW.uexp" 431
"../../../Engine/Content/Functions/Engine_MaterialFunctions02/Utility/VectorLength.uasset" 432
"../../../Engine/Content/Functions/Engine_MaterialFunctions02/Utility/VectorLength.uexp" 433
"../../../Engine/Content/Functions/Engine_MaterialFunctions02/WorldPositionOffset/ObjectScale.uasset" 434
"../../../Engine/Content/Functions/Engine_MaterialFunctions02/WorldPositionOffset/ObjectScale.uexp" 435
"../../../Engine/Plugins/Editor/SpeedTreeImporter/Content/SpeedTree9/SpeedTreeWind.uasset" 436
"../../../Engine/Plugins/Editor/SpeedTreeImporter/Content/SpeedTree9/SpeedTreeWind.uexp" 437
"../../../Engine/Plugins/Editor/SpeedTreeImporter/Content/SpeedTree9/SpeedTreeBillboardMaster.uasset" 438
"../../../Engine/Plugins/Editor/SpeedTreeImporter/Content/SpeedTree9/SpeedTreeBillboardMaster.uexp" 439
"../../../Engine/Plugins/Editor/SpeedTreeImporter/Content/SpeedTree9/SpeedTreeCameraFacing.uasset" 440
"../../../Engine/Plugins/Editor/SpeedTreeImporter/Content/SpeedTree9/SpeedTreeCameraFacing.uexp" 441
"../../../Engine/Plugins/Editor/SpeedTreeImporter/Content/SpeedTree9/SpeedTreeMaster.uasset" 442
"../../../Engine/Plugins/Editor/SpeedTreeImporter/Content/SpeedTree9/SpeedTreeMaster.uexp" 443
"/Users/yuanfengli/Downloads/InfiniteMatrixComplete/Content/InfiniteMatrix/Blueprints/GM_Tutorial.uasset" 444
"/Users/yuanfengli/Downloads/InfiniteMatrixComplete/Content/InfiniteMatrix/Blueprints/GM_Tutorial.uexp" 445
"/Users/yuanfengli/Downloads/InfiniteMatrixComplete/Content/InfiniteMatrix/Maps/TutorialMap.uexp" 446
"/Users/yuanfengli/Downloads/InfiniteMatrixComplete/Content/InfiniteMatrix/Maps/TutorialMap.ubulk" 447
"/Users/yuanfengli/Downloads/InfiniteMatrixComplete/Content/InfiniteMatrix/Maps/TutorialMap.umap" 448
"../../../Engine/Content/Maps/Entry_BuiltData.uasset" 449
"../../../Engine/Content/Maps/Entry_BuiltData.uexp" 450
"../../../Engine/Content/Maps/Entry.uexp" 451
"../../../Engine/Content/Maps/Entry.umap" 452
